<?xml version="1.0" encoding="UTF-8"?>
<testng-results ignored="0" total="4" passed="4" failed="0" skipped="0">
  <reporter-output>
  </reporter-output>
  <suite started-at="2023-10-30T19:17:07 IST" name="Default suite" finished-at="2023-10-30T19:17:15 IST" duration-ms="8088">
    <groups>
    </groups>
    <test started-at="2023-10-30T19:17:07 IST" name="Default test" finished-at="2023-10-30T19:17:15 IST" duration-ms="8088">
      <class name="api.test.UserTests">
        <test-method is-config="true" signature="setupData()[pri:0, instance:api.test.UserTests@38c6f217]" started-at="2023-10-30T19:17:07 IST" name="setupData" finished-at="2023-10-30T19:17:07 IST" duration-ms="271" status="PASS">
          <reporter-output>
          </reporter-output>
        </test-method> <!-- setupData -->
        <test-method signature="testPostUser()[pri:1, instance:api.test.UserTests@38c6f217]" started-at="2023-10-30T19:17:07 IST" name="testPostUser" finished-at="2023-10-30T19:17:11 IST" duration-ms="3790" status="PASS">
          <reporter-output>
          </reporter-output>
        </test-method> <!-- testPostUser -->
        <test-method signature="testGetUserByName()[pri:2, instance:api.test.UserTests@38c6f217]" started-at="2023-10-30T19:17:11 IST" name="testGetUserByName" finished-at="2023-10-30T19:17:12 IST" duration-ms="1327" status="PASS">
          <reporter-output>
          </reporter-output>
        </test-method> <!-- testGetUserByName -->
        <test-method signature="testupdateUserByName()[pri:3, instance:api.test.UserTests@38c6f217]" started-at="2023-10-30T19:17:12 IST" name="testupdateUserByName" finished-at="2023-10-30T19:17:14 IST" duration-ms="1323" status="PASS">
          <reporter-output>
          </reporter-output>
        </test-method> <!-- testupdateUserByName -->
        <test-method signature="testDeleteUserByName()[pri:4, instance:api.test.UserTests@38c6f217]" started-at="2023-10-30T19:17:14 IST" name="testDeleteUserByName" finished-at="2023-10-30T19:17:15 IST" duration-ms="1305" status="PASS">
          <reporter-output>
          </reporter-output>
        </test-method> <!-- testDeleteUserByName -->
      </class> <!-- api.test.UserTests -->
    </test> <!-- Default test -->
  </suite> <!-- Default suite -->
</testng-results>
