<?xml version="1.0" encoding="UTF-8"?>
<!-- Generated by org.testng.reporters.JUnitXMLReporter -->
<testsuite ignored="0" hostname="LAPTOP-KVV0RCLC" failures="0" tests="4" name="Default test" time="8.088" errors="0" timestamp="2023-10-30T19:17:15 IST">
  <testcase classname="api.test.UserTests" name="testPostUser" time="3.79"/>
  <testcase classname="api.test.UserTests" name="testGetUserByName" time="1.327"/>
  <testcase classname="api.test.UserTests" name="testupdateUserByName" time="1.323"/>
  <testcase classname="api.test.UserTests" name="testDeleteUserByName" time="1.305"/>
</testsuite> <!-- Default test -->
